<?xml version="1.0" encoding="UTF-8"?>
<!-- Generated by org.testng.reporters.JUnitReportReporter -->
<testsuite hostname="DESKTOP-6V2JD38" failures="0" tests="4" name="Traveluro.Login_Sanity_testng" time="19.466" errors="0" timestamp="2025-04-24T15:42:35 IST" skipped="0">
  <testcase classname="Traveluro.Login_Sanity_testng" name="open_website" time="12.502"/>
  <testcase classname="Traveluro.Login_Sanity_testng" name="title" time="0.025"/>
  <testcase classname="Traveluro.Login_Sanity_testng" name="login" time="6.672"/>
  <testcase classname="Traveluro.Login_Sanity_testng" name="logout" time="0.267"/>
</testsuite> <!-- Traveluro.Login_Sanity_testng -->
