<?xml version="1.0" encoding="UTF-8"?>
<!-- Generated by org.testng.reporters.JUnitReportReporter -->
<testsuite hostname="DESKTOP-6V2JD38" failures="0" tests="2" name="TestNG_Practice.Annotations" time="0.011" errors="0" timestamp="2025-06-03T15:43:30 IST" skipped="0">
  <testcase classname="TestNG_Practice.Annotations" name="search" time="0.005"/>
  <testcase classname="TestNG_Practice.Annotations" name="advance_search" time="0.006"/>
</testsuite> <!-- TestNG_Practice.Annotations -->
