<?xml version="1.0" encoding="UTF-8"?>
<!-- Generated by org.testng.reporters.JUnitReportReporter -->
<testsuite hostname="DESKTOP-6V2JD38" failures="0" tests="3" name="TestNG_Practice.singup_grouping" time="0.001" errors="0" timestamp="2025-04-24T15:42:35 IST" skipped="0">
  <testcase classname="TestNG_Practice.singup_grouping" name="email" time="0.001"/>
  <testcase classname="TestNG_Practice.singup_grouping" name="facebook" time="0.000"/>
  <testcase classname="TestNG_Practice.singup_grouping" name="twitter" time="0.000"/>
</testsuite> <!-- TestNG_Practice.singup_grouping -->
