<?xml version="1.0" encoding="UTF-8"?>
<!-- Generated by org.testng.reporters.JUnitReportReporter -->
<testsuite hostname="DESKTOP-6V2JD38" failures="0" tests="3" name="TestNG_Practice.logingrouping" time="0.012" errors="0" timestamp="2025-06-03T15:43:30 IST" skipped="0">
  <testcase classname="TestNG_Practice.logingrouping" name="email" time="0.004"/>
  <testcase classname="TestNG_Practice.logingrouping" name="facebook" time="0.005"/>
  <testcase classname="TestNG_Practice.logingrouping" name="twitter" time="0.003"/>
</testsuite> <!-- TestNG_Practice.logingrouping -->
