<?xml version="1.0" encoding="UTF-8"?>
<!-- Generated by org.testng.reporters.JUnitReportReporter -->
<testsuite hostname="DESKTOP-6V2JD38" failures="0" tests="3" name="TestNG_Practice.TestNG_Day_42" time="0.002" errors="0" timestamp="2025-06-03T15:43:30 IST" skipped="0">
  <testcase classname="TestNG_Practice.TestNG_Day_42" name="openwebsite" time="0.001"/>
  <testcase classname="TestNG_Practice.TestNG_Day_42" name="login" time="0.001"/>
  <testcase classname="TestNG_Practice.TestNG_Day_42" name="logout" time="0.000"/>
</testsuite> <!-- TestNG_Practice.TestNG_Day_42 -->
