<?xml version="1.0" encoding="UTF-8"?>
<!-- Generated by org.testng.reporters.JUnitReportReporter -->
<testsuite hostname="DESKTOP-6V2JD38" failures="0" tests="2" name="TestNG_Practice.payment_grouping" time="0.001" errors="0" timestamp="2025-04-24T15:42:35 IST" skipped="0">
  <testcase classname="TestNG_Practice.payment_grouping" name="paymentinruppes" time="0.001"/>
  <testcase classname="TestNG_Practice.payment_grouping" name="paymentindollar" time="0.000"/>
</testsuite> <!-- TestNG_Practice.payment_grouping -->
