<?xml version="1.0" encoding="UTF-8"?>
<!-- Generated by org.testng.reporters.JUnitReportReporter -->
<testsuite hostname="DESKTOP-6V2JD38" failures="0" tests="1" name="Day_47.LoginTest" time="6.633" errors="0" timestamp="2025-04-24T15:42:35 IST" skipped="0">
  <testcase classname="Day_47.LoginTest" name="login" time="6.633"/>
</testsuite> <!-- Day_47.LoginTest -->
