<?xml version="1.0" encoding="UTF-8"?>
<!-- Generated by org.testng.reporters.JUnitReportReporter -->
<testsuite hostname="DESKTOP-6V2JD38" failures="0" tests="3" name="TestNG_Practice.singup_grouping" time="0.005" errors="0" timestamp="2025-06-03T15:43:30 IST" skipped="0">
  <testcase classname="TestNG_Practice.singup_grouping" name="email" time="0.002"/>
  <testcase classname="TestNG_Practice.singup_grouping" name="facebook" time="0.002"/>
  <testcase classname="TestNG_Practice.singup_grouping" name="twitter" time="0.001"/>
</testsuite> <!-- TestNG_Practice.singup_grouping -->
